#
# A fatal error has been detected by the Java Runtime Environment:
#
#  EXCEPTION_ACCESS_VIOLATION (0xc0000005) at pc=0x00007ffafcfa62d7, pid=14276, tid=14168
#
# JRE version: OpenJDK Runtime Environment (18.0.2.1+1) (build 18.0.2.1+1-1)
# Java VM: OpenJDK 64-Bit Server VM (18.0.2.1+1-1, mixed mode, sharing, tiered, compressed oops, compressed class ptrs, g1 gc, windows-amd64)
# Problematic frame:
# C  [glass.dll+0x262d7]
#
# No core dump will be written. Minidumps are not enabled by default on client versions of Windows
#
# If you would like to submit a bug report, please visit:
#   https://bugreport.java.com/bugreport/crash.jsp
#

---------------  S U M M A R Y ------------

Command Line: -javaagent:C:\Program Files\JetBrains\IntelliJ IDEA Community Edition 2022.2.2\lib\idea_rt.jar=65448:C:\Program Files\JetBrains\IntelliJ IDEA Community Edition 2022.2.2\bin -Dfile.encoding=UTF-8 -Dsun.stdout.encoding=UTF-8 -Dsun.stderr.encoding=UTF-8 --module-path=C:\Users\tvoro\.m2\repository\org\openjfx\javafx-fxml\18.0.1\javafx-fxml-18.0.1-win.jar;C:\Users\tvoro\.m2\repository\org\openjfx\javafx-controls\18.0.1\javafx-controls-18.0.1-win.jar;C:\Users\tvoro\.m2\repository\org\openjfx\javafx-base\18.0.1\javafx-base-18.0.1-win.jar;C:\Users\tvoro\.m2\repository\org\openjfx\javafx-graphics\18.0.1\javafx-graphics-18.0.1-win.jar;C:\Users\tvoro\IdeaProjects\restaurantpol\target\classes -Djdk.module.main=com.example.restaurantpol com.example.restaurantpol/com.example.restaurantpol.Main

Host: AMD Ryzen 5 5500U with Radeon Graphics         , 12 cores, 15G,  Windows 11 , 64 bit Build 22621 (10.0.22621.1778)
Time: Sun Jul  2 11:51:06 2023 RTZ 2 (s 11 , 64 bit Build 22621 (10.0.22621.1778) elapsed time: 115.987315 seconds (0d 0h 1m 55s)

---------------  T H R E A D  ---------------

Current thread (0x00000278ffd77b00):  VMThread "VM Thread" [stack: 0x000000f1ef100000,0x000000f1ef200000] [id=14168]

Stack: [0x000000f1ef100000,0x000000f1ef200000],  sp=0x000000f1ef1ff140,  free space=1020k
Native frames: (J=compiled Java code, j=interpreted, Vv=VM code, C=native code)
C  [glass.dll+0x262d7]


siginfo: EXCEPTION_ACCESS_VIOLATION (0xc0000005), reading address 0x0000000000000000


Register to memory mapping:

RIP=0x00007ffafcfa62d7 glass.dll
RAX=0x0 is NULL
RBX=0x00000278a353e268 is a global jni handle
RCX=0x00000278ffd77b00 points into unknown readable memory: 0x00007ffa8c59ea28 | 28 ea 59 8c fa 7f 00 00
RDX=0x000000f1ef1ff140 points into unknown readable memory: 0x0000000000000000 | 00 00 00 00 00 00 00 00
RSP=0x000000f1ef1ff140 points into unknown readable memory: 0x0000000000000000 | 00 00 00 00 00 00 00 00
RBP=0x00000278a8b75458 points into unknown readable memory: 0x0000878c40585839 | 39 58 58 40 8c 87 00 00
RSI=0x000000f1ef1ff248 points into unknown readable memory: 0x000000f1ef1ff230 | 30 f2 1f ef f1 00 00 00
RDI=0x00000278a8b75430 points into unknown readable memory: 0xb8008773b5a1ac54 | 54 ac a1 b5 73 87 00 b8
R8 =0x0000000000010002 is an unknown value
R9 =0x00000278a8b75430 points into unknown readable memory: 0xb8008773b5a1ac54 | 54 ac a1 b5 73 87 00 b8
R10=0x85f13e9656da4870 is an unknown value
R11=0x000000f1ef1ff0d0 points into unknown readable memory: 0x00000278a8b75430 | 30 54 b7 a8 78 02 00 00
R12=0x00007ffafcfa3bc4 glass.dll
R13=0x00007ffa8c760c00 jvm.dll
R14=0x0000878c40585839 is an unknown value
R15=0x00000278a8b75430 points into unknown readable memory: 0xb8008773b5a1ac54 | 54 ac a1 b5 73 87 00 b8


Registers:
RAX=0x0000000000000000, RBX=0x00000278a353e268, RCX=0x00000278ffd77b00, RDX=0x000000f1ef1ff140
RSP=0x000000f1ef1ff140, RBP=0x00000278a8b75458, RSI=0x000000f1ef1ff248, RDI=0x00000278a8b75430
R8 =0x0000000000010002, R9 =0x00000278a8b75430, R10=0x85f13e9656da4870, R11=0x000000f1ef1ff0d0
R12=0x00007ffafcfa3bc4, R13=0x00007ffa8c760c00, R14=0x0000878c40585839, R15=0x00000278a8b75430
RIP=0x00007ffafcfa62d7, EFLAGS=0x0000000000010202

Top of Stack: (sp=0x000000f1ef1ff140)
0x000000f1ef1ff140:   0000000000000000 000000f1ef1ff248
0x000000f1ef1ff150:   00007ffa8c760c00 00007ffafcfa3bc4
0x000000f1ef1ff160:   00000278a8b75438 00007ffb11e83a83
0x000000f1ef1ff170:   00000278a8b75430 0000027800000000
0x000000f1ef1ff180:   00000278a8b75458 000000f1ef1ff248
0x000000f1ef1ff190:   fffffffffffffffe 0000000000000000
0x000000f1ef1ff1a0:   0000000000000001 00007ffafcf80000
0x000000f1ef1ff1b0:   000000f1ef1ff238 00007ffb11e5006e
0x000000f1ef1ff1c0:   0000000000000000 000000f1ef1ff248
0x000000f1ef1ff1d0:   000000f1ef1ff530 0000000000000001
0x000000f1ef1ff1e0:   0000000000000001 00007ffb11e4da1d
0x000000f1ef1ff1f0:   0000000000000000 00007ffafcfa33bd
0x000000f1ef1ff200:   0000000000000000 000000f1ef1ff238
0x000000f1ef1ff210:   fffffffffffffffe 0000000000000000
0x000000f1ef1ff220:   0000000000000001 00007ffafcfa3a51
0x000000f1ef1ff230:   00007ffafcfb9f88 00007ffa00000002 

Instructions: (pc=0x00007ffafcfa62d7)
0x00007ffafcfa61d7:   8b 4d 58 e8 2d cf ff ff 48 8b 4d 60 e8 24 cf ff
0x00007ffafcfa61e7:   ff 48 8b 95 80 00 00 00 48 8b 8d 18 01 00 00 e8
0x00007ffafcfa61f7:   16 c4 ff ff 33 d2 33 c9 e8 5c e1 ff ff 90 48 89
0x00007ffafcfa6207:   54 24 10 55 48 83 ec 20 48 8b ea 48 b8 00 00 00
0x00007ffafcfa6217:   00 00 00 00 00 48 83 c4 20 5d c3 cc 40 55 48 8b
0x00007ffafcfa6227:   ea 48 8b 01 33 c9 81 38 05 00 00 c0 0f 94 c1 8b
0x00007ffafcfa6237:   c1 5d c3 cc 40 55 48 83 ec 20 48 8b ea 8a 4d 40
0x00007ffafcfa6247:   48 83 c4 20 5d e9 17 d3 ff ff cc 40 55 48 83 ec
0x00007ffafcfa6257:   20 48 8b ea 8a 4d 20 e8 05 d3 ff ff 90 48 83 c4
0x00007ffafcfa6267:   20 5d c3 cc 40 55 48 83 ec 20 48 8b ea 48 83 c4
0x00007ffafcfa6277:   20 5d e9 66 d1 ff ff cc 40 55 48 83 ec 30 48 8b
0x00007ffafcfa6287:   ea 48 8b 01 8b 10 48 89 4c 24 28 89 54 24 20 4c
0x00007ffafcfa6297:   8d 0d 07 d6 ff ff 4c 8b 45 70 8b 55 68 48 8b 4d
0x00007ffafcfa62a7:   60 e8 a7 d0 ff ff 90 48 83 c4 30 5d c3 cc cc cc
0x00007ffafcfa62b7:   cc cc cc cc cc cc cc cc cc 40 53 48 83 ec 20 48
0x00007ffafcfa62c7:   8b 1d bb 36 01 00 48 85 db 74 16 e8 59 8b ff ff
0x00007ffafcfa62d7:   4c 8b 00 48 8b d3 48 8b c8 41 ff 90 b0 00 00 00
0x00007ffafcfa62e7:   90 48 83 c4 20 5b c3 cc cc 40 53 48 83 ec 20 48
0x00007ffafcfa62f7:   8b 1d 2b 38 01 00 48 85 db 74 57 b8 ff ff ff ff
0x00007ffafcfa6307:   f0 0f c1 43 10 83 f8 01 75 3d 48 85 db 74 38 48
0x00007ffafcfa6317:   8b 0b 48 85 c9 74 0d ff 15 84 0f 00 00 48 c7 03
0x00007ffafcfa6327:   00 00 00 00 48 8b 4b 08 48 85 c9 74 0d e8 d3 cd
0x00007ffafcfa6337:   ff ff 48 c7 43 08 00 00 00 00 ba 18 00 00 00 48
0x00007ffafcfa6347:   8b cb e8 be cd ff ff 48 c7 05 cf 37 01 00 00 00
0x00007ffafcfa6357:   00 00 48 83 c4 20 5b c3 cc 40 53 48 83 ec 20 48
0x00007ffafcfa6367:   8b 1d 9b 37 01 00 48 85 db 74 57 b8 ff ff ff ff
0x00007ffafcfa6377:   f0 0f c1 43 10 83 f8 01 75 3d 48 85 db 74 38 48
0x00007ffafcfa6387:   8b 0b 48 85 c9 74 0d ff 15 14 0f 00 00 48 c7 03
0x00007ffafcfa6397:   00 00 00 00 48 8b 4b 08 48 85 c9 74 0d e8 63 cd
0x00007ffafcfa63a7:   ff ff 48 c7 43 08 00 00 00 00 ba 18 00 00 00 48
0x00007ffafcfa63b7:   8b cb e8 4e cd ff ff 48 c7 05 3f 37 01 00 00 00
0x00007ffafcfa63c7:   00 00 48 83 c4 20 5b c3 cc 40 53 48 83 ec 20 48 


Stack slot to memory mapping:
stack at sp + 0 slots: 0x0 is NULL
stack at sp + 1 slots: 0x000000f1ef1ff248 points into unknown readable memory: 0x000000f1ef1ff230 | 30 f2 1f ef f1 00 00 00
stack at sp + 2 slots: 0x00007ffa8c760c00 jvm.dll
stack at sp + 3 slots: 0x00007ffafcfa3bc4 glass.dll
stack at sp + 4 slots: 0x00000278a8b75438 points into unknown readable memory: 0x0000878c40585839 | 39 58 58 40 8c 87 00 00
stack at sp + 5 slots: 0x00007ffb11e83a83 ucrtbase.dll
stack at sp + 6 slots: 0x00000278a8b75430 points into unknown readable memory: 0xb8008773b5a1ac54 | 54 ac a1 b5 73 87 00 b8
stack at sp + 7 slots: 0x0000027800000000 is an unknown value

VM_Operation (0x000000f1ee8ff290): Exit, mode: safepoint, requested by thread 0x00000278adc618d0


---------------  P R O C E S S  ---------------

Threads class SMR info:
_java_thread_list=0x00000278a8bf4520, length=22, elements={
0x00000278ffceeed0, 0x00000278a3534cb0, 0x00000278a3535a60, 0x00000278a3553310,
0x00000278a3553cb0, 0x00000278a35576e0, 0x00000278a3555160, 0x00000278a3555e30,
0x00000278a3556810, 0x00000278a35595b0, 0x00000278a808bce0, 0x00000278a875e360,
0x00000278a8369d80, 0x00000278a8b3f880, 0x00000278a8a9ced0, 0x00000278a8a77d10,
0x00000278a8a99330, 0x00000278a8a997f0, 0x00000278adb55040, 0x00000278adc60590,
0x00000278adc635b0, 0x00000278adc618d0
}

Java Threads: ( => current thread )
  0x00000278ffceeed0 JavaThread "main" [_thread_blocked, id=16416, stack(0x000000f1eeb00000,0x000000f1eec00000)]
  0x00000278a3534cb0 JavaThread "Reference Handler" daemon [_thread_blocked, id=13040, stack(0x000000f1ef200000,0x000000f1ef300000)]
  0x00000278a3535a60 JavaThread "Finalizer" daemon [_thread_blocked, id=10872, stack(0x000000f1ef300000,0x000000f1ef400000)]
  0x00000278a3553310 JavaThread "Signal Dispatcher" daemon [_thread_blocked, id=17860, stack(0x000000f1ef400000,0x000000f1ef500000)]
  0x00000278a3553cb0 JavaThread "Attach Listener" daemon [_thread_blocked, id=10836, stack(0x000000f1ef500000,0x000000f1ef600000)]
  0x00000278a35576e0 JavaThread "Service Thread" daemon [_thread_blocked, id=13404, stack(0x000000f1ef600000,0x000000f1ef700000)]
  0x00000278a3555160 JavaThread "Monitor Deflation Thread" daemon [_thread_blocked, id=17500, stack(0x000000f1ef700000,0x000000f1ef800000)]
  0x00000278a3555e30 JavaThread "C2 CompilerThread0" daemon [_thread_blocked, id=7676, stack(0x000000f1ef800000,0x000000f1ef900000)]
  0x00000278a3556810 JavaThread "C1 CompilerThread0" daemon [_thread_blocked, id=10616, stack(0x000000f1ef900000,0x000000f1efa00000)]
  0x00000278a35595b0 JavaThread "Sweeper thread" daemon [_thread_blocked, id=16176, stack(0x000000f1efa00000,0x000000f1efb00000)]
  0x00000278a808bce0 JavaThread "Common-Cleaner" daemon [_thread_blocked, id=4112, stack(0x000000f1efb00000,0x000000f1efc00000)]
  0x00000278a875e360 JavaThread "Monitor Ctrl-Break" daemon [_thread_in_native, id=1304, stack(0x000000f1efe00000,0x000000f1eff00000)]
  0x00000278a8369d80 JavaThread "Notification Thread" daemon [_thread_blocked, id=9076, stack(0x000000f1eff00000,0x000000f1f0000000)]
  0x00000278a8b3f880 JavaThread "QuantumRenderer-0" daemon [_thread_blocked, id=6768, stack(0x000000f1f0100000,0x000000f1f0200000)]
  0x00000278a8a9ced0 JavaThread "InvokeLaterDispatcher" daemon [_thread_blocked, id=16616, stack(0x000000f1f0400000,0x000000f1f0500000)]
  0x00000278a8a77d10 JavaThread "JavaFX Application Thread" [_thread_in_native, id=13776, stack(0x000000f1f0500000,0x000000f1f0600000)]
  0x00000278a8a99330 JavaThread "Thread-1" daemon [_thread_in_native, id=13824, stack(0x000000f1f0d00000,0x000000f1f0e00000)]
  0x00000278a8a997f0 JavaThread "JavaFX-Launcher" [_thread_blocked, id=17284, stack(0x000000f1f0e00000,0x000000f1f0f00000)]
  0x00000278adb55040 JavaThread "Prism Font Disposer" daemon [_thread_blocked, id=1760, stack(0x000000f1f1500000,0x000000f1f1600000)]
  0x00000278adc60590 JavaThread "Cleaner-0" daemon [_thread_blocked, id=5828, stack(0x000000f1f1700000,0x000000f1f1800000)]
  0x00000278adc635b0 JavaThread "mysql-cj-abandoned-connection-cleanup" daemon [_thread_blocked, id=4932, stack(0x000000f1f1c00000,0x000000f1f1d00000)]
  0x00000278adc618d0 JavaThread "SIGINT handler" daemon [_thread_blocked, id=9812, stack(0x000000f1ee800000,0x000000f1ee900000)]

Other Threads:
=>0x00000278ffd77b00 VMThread "VM Thread" [stack: 0x000000f1ef100000,0x000000f1ef200000] [id=14168]
  0x00000278ffd5c7a0 WorkerThread "GC Thread#0" [stack: 0x000000f1eec00000,0x000000f1eed00000] [id=11876]
  0x00000278ada2a3e0 WorkerThread "GC Thread#1" [stack: 0x000000f1f0f00000,0x000000f1f1000000] [id=13032]
  0x00000278ad9e8090 WorkerThread "GC Thread#2" [stack: 0x000000f1f1000000,0x000000f1f1100000] [id=5876]
  0x00000278ad9be670 WorkerThread "GC Thread#3" [stack: 0x000000f1f1100000,0x000000f1f1200000] [id=11472]
  0x00000278a8a9d9c0 WorkerThread "GC Thread#4" [stack: 0x000000f1f1200000,0x000000f1f1300000] [id=1080]
  0x00000278ada26ab0 WorkerThread "GC Thread#5" [stack: 0x000000f1f1300000,0x000000f1f1400000] [id=2148]
  0x00000278adaa0d50 WorkerThread "GC Thread#6" [stack: 0x000000f1efc00000,0x000000f1efd00000] [id=3272]
  0x00000278adaa1290 WorkerThread "GC Thread#7" [stack: 0x000000f1f1600000,0x000000f1f1700000] [id=11020]
  0x00000278adaa17d0 WorkerThread "GC Thread#8" [stack: 0x000000f1f1800000,0x000000f1f1900000] [id=17972]
  0x00000278adaa2250 WorkerThread "GC Thread#9" [stack: 0x000000f1f1900000,0x000000f1f1a00000] [id=8988]
  0x00000278ffd6cdb0 ConcurrentGCThread "G1 Main Marker" terminated
  0x00000278ffd6fe50 WorkerThread "G1 Conc#0" [stack: 0x000000f1eee00000,0x000000f1eef00000] [id=7100]
  0x00000278ffda4a00 ConcurrentGCThread "G1 Refine#0" terminated
  0x00000278ffda71d0 ConcurrentGCThread "G1 Service" terminated

Threads with active compile tasks:

VM state: at safepoint (shutting down)

VM Mutex/Monitor currently owned by a thread:  ([mutex/lock_event])
[0x00000278ffceadf0] Threads_lock - owner thread: 0x00000278ffd77b00
[0x00000278ffceae80] Heap_lock - owner thread: 0x00000278adc618d0

Heap address: 0x000000070a800000, size: 3928 MB, Compressed Oops mode: Zero based, Oop shift amount: 3

CDS archive(s) mapped at: [0x0000000800000000-0x0000000800ba0000-0x0000000800ba0000), size 12189696, SharedBaseAddress: 0x0000000800000000, ArchiveRelocationMode: 0.
Compressed class space mapped at: 0x0000000800c00000-0x0000000840c00000, reserved size: 1073741824
Narrow klass base: 0x0000000800000000, Narrow klass shift: 0, Narrow klass range: 0x100000000

GC Precious Log:
 CardTable entry size: 512
 Card Set container configuration: InlinePtr #cards 4 size 8 Array Of Cards #cards 16 size 48 Howl #buckets 8 coarsen threshold 3686 Howl Bitmap #cards 512 size 80 coarsen threshold 460 Card regions per heap region 1 cards per card region 4096
 CPUs: 12 total, 12 available
 Memory: 15706M
 Large Page Support: Disabled
 NUMA Support: Disabled
 Compressed Oops: Enabled (Zero based)
 Heap Region Size: 2M
 Heap Min Capacity: 8M
 Heap Initial Capacity: 246M
 Heap Max Capacity: 3928M
 Pre-touch: Disabled
 Parallel Workers: 10
 Concurrent Workers: 3
 Concurrent Refinement Workers: 10
 Periodic GC: Disabled

Heap:
 garbage-first heap   total 251904K, used 22024K [0x000000070a800000, 0x0000000800000000)
  region size 2048K, 10 young (20480K), 3 survivors (6144K)
 Metaspace       used 18448K, committed 18752K, reserved 1114112K
  class space    used 2429K, committed 2560K, reserved 1048576K

Heap Regions: E=young(eden), S=young(survivor), O=old, HS=humongous(starts), HC=humongous(continues), CS=collection set, F=free, OA=open archive, CA=closed archive, TAMS=top-at-mark-start (previous, next)
|   0|0x000000070a800000, 0x000000070aa00000, 0x000000070aa00000|100%|HS|  |TAMS 0x000000070a800000, 0x000000070a800000| Complete 
|   1|0x000000070aa00000, 0x000000070ab82000, 0x000000070ac00000| 75%| O|  |TAMS 0x000000070aa00000, 0x000000070aa00000| Untracked 
|   2|0x000000070ac00000, 0x000000070ac00000, 0x000000070ae00000|  0%| F|  |TAMS 0x000000070ac00000, 0x000000070ac00000| Untracked 
|   3|0x000000070ae00000, 0x000000070ae00000, 0x000000070b000000|  0%| F|  |TAMS 0x000000070ae00000, 0x000000070ae00000| Untracked 
|   4|0x000000070b000000, 0x000000070b000000, 0x000000070b200000|  0%| F|  |TAMS 0x000000070b000000, 0x000000070b000000| Untracked 
|   5|0x000000070b200000, 0x000000070b200000, 0x000000070b400000|  0%| F|  |TAMS 0x000000070b200000, 0x000000070b200000| Untracked 
|   6|0x000000070b400000, 0x000000070b400000, 0x000000070b600000|  0%| F|  |TAMS 0x000000070b400000, 0x000000070b400000| Untracked 
|   7|0x000000070b600000, 0x000000070b600000, 0x000000070b800000|  0%| F|  |TAMS 0x000000070b600000, 0x000000070b600000| Untracked 
|   8|0x000000070b800000, 0x000000070b800000, 0x000000070ba00000|  0%| F|  |TAMS 0x000000070b800000, 0x000000070b800000| Untracked 
|   9|0x000000070ba00000, 0x000000070ba00000, 0x000000070bc00000|  0%| F|  |TAMS 0x000000070ba00000, 0x000000070ba00000| Untracked 
|  10|0x000000070bc00000, 0x000000070bc00000, 0x000000070be00000|  0%| F|  |TAMS 0x000000070bc00000, 0x000000070bc00000| Untracked 
|  11|0x000000070be00000, 0x000000070be00000, 0x000000070c000000|  0%| F|  |TAMS 0x000000070be00000, 0x000000070be00000| Untracked 
|  12|0x000000070c000000, 0x000000070c000000, 0x000000070c200000|  0%| F|  |TAMS 0x000000070c000000, 0x000000070c000000| Untracked 
|  13|0x000000070c200000, 0x000000070c200000, 0x000000070c400000|  0%| F|  |TAMS 0x000000070c200000, 0x000000070c200000| Untracked 
|  14|0x000000070c400000, 0x000000070c400000, 0x000000070c600000|  0%| F|  |TAMS 0x000000070c400000, 0x000000070c400000| Untracked 
|  15|0x000000070c600000, 0x000000070c600000, 0x000000070c800000|  0%| F|  |TAMS 0x000000070c600000, 0x000000070c600000| Untracked 
|  16|0x000000070c800000, 0x000000070c800000, 0x000000070ca00000|  0%| F|  |TAMS 0x000000070c800000, 0x000000070c800000| Untracked 
|  17|0x000000070ca00000, 0x000000070ca00000, 0x000000070cc00000|  0%| F|  |TAMS 0x000000070ca00000, 0x000000070ca00000| Untracked 
|  18|0x000000070cc00000, 0x000000070cc00000, 0x000000070ce00000|  0%| F|  |TAMS 0x000000070cc00000, 0x000000070cc00000| Untracked 
|  19|0x000000070ce00000, 0x000000070ce00000, 0x000000070d000000|  0%| F|  |TAMS 0x000000070ce00000, 0x000000070ce00000| Untracked 
|  20|0x000000070d000000, 0x000000070d000000, 0x000000070d200000|  0%| F|  |TAMS 0x000000070d000000, 0x000000070d000000| Untracked 
|  21|0x000000070d200000, 0x000000070d200000, 0x000000070d400000|  0%| F|  |TAMS 0x000000070d200000, 0x000000070d200000| Untracked 
|  22|0x000000070d400000, 0x000000070d400000, 0x000000070d600000|  0%| F|  |TAMS 0x000000070d400000, 0x000000070d400000| Untracked 
|  23|0x000000070d600000, 0x000000070d600000, 0x000000070d800000|  0%| F|  |TAMS 0x000000070d600000, 0x000000070d600000| Untracked 
|  24|0x000000070d800000, 0x000000070d800000, 0x000000070da00000|  0%| F|  |TAMS 0x000000070d800000, 0x000000070d800000| Untracked 
|  25|0x000000070da00000, 0x000000070da00000, 0x000000070dc00000|  0%| F|  |TAMS 0x000000070da00000, 0x000000070da00000| Untracked 
|  26|0x000000070dc00000, 0x000000070dc00000, 0x000000070de00000|  0%| F|  |TAMS 0x000000070dc00000, 0x000000070dc00000| Untracked 
|  27|0x000000070de00000, 0x000000070de00000, 0x000000070e000000|  0%| F|  |TAMS 0x000000070de00000, 0x000000070de00000| Untracked 
|  28|0x000000070e000000, 0x000000070e000000, 0x000000070e200000|  0%| F|  |TAMS 0x000000070e000000, 0x000000070e000000| Untracked 
|  29|0x000000070e200000, 0x000000070e200000, 0x000000070e400000|  0%| F|  |TAMS 0x000000070e200000, 0x000000070e200000| Untracked 
|  30|0x000000070e400000, 0x000000070e400000, 0x000000070e600000|  0%| F|  |TAMS 0x000000070e400000, 0x000000070e400000| Untracked 
|  31|0x000000070e600000, 0x000000070e600000, 0x000000070e800000|  0%| F|  |TAMS 0x000000070e600000, 0x000000070e600000| Untracked 
|  32|0x000000070e800000, 0x000000070e800000, 0x000000070ea00000|  0%| F|  |TAMS 0x000000070e800000, 0x000000070e800000| Untracked 
|  33|0x000000070ea00000, 0x000000070ea00000, 0x000000070ec00000|  0%| F|  |TAMS 0x000000070ea00000, 0x000000070ea00000| Untracked 
|  34|0x000000070ec00000, 0x000000070ec00000, 0x000000070ee00000|  0%| F|  |TAMS 0x000000070ec00000, 0x000000070ec00000| Untracked 
|  35|0x000000070ee00000, 0x000000070ee00000, 0x000000070f000000|  0%| F|  |TAMS 0x000000070ee00000, 0x000000070ee00000| Untracked 
|  36|0x000000070f000000, 0x000000070f000000, 0x000000070f200000|  0%| F|  |TAMS 0x000000070f000000, 0x000000070f000000| Untracked 
|  37|0x000000070f200000, 0x000000070f200000, 0x000000070f400000|  0%| F|  |TAMS 0x000000070f200000, 0x000000070f200000| Untracked 
|  38|0x000000070f400000, 0x000000070f400000, 0x000000070f600000|  0%| F|  |TAMS 0x000000070f400000, 0x000000070f400000| Untracked 
|  39|0x000000070f600000, 0x000000070f600000, 0x000000070f800000|  0%| F|  |TAMS 0x000000070f600000, 0x000000070f600000| Untracked 
|  40|0x000000070f800000, 0x000000070f800000, 0x000000070fa00000|  0%| F|  |TAMS 0x000000070f800000, 0x000000070f800000| Untracked 
|  41|0x000000070fa00000, 0x000000070fa00000, 0x000000070fc00000|  0%| F|  |TAMS 0x000000070fa00000, 0x000000070fa00000| Untracked 
|  42|0x000000070fc00000, 0x000000070fc00000, 0x000000070fe00000|  0%| F|  |TAMS 0x000000070fc00000, 0x000000070fc00000| Untracked 
|  43|0x000000070fe00000, 0x000000070fe00000, 0x0000000710000000|  0%| F|  |TAMS 0x000000070fe00000, 0x000000070fe00000| Untracked 
|  44|0x0000000710000000, 0x0000000710000000, 0x0000000710200000|  0%| F|  |TAMS 0x0000000710000000, 0x0000000710000000| Untracked 
|  45|0x0000000710200000, 0x0000000710200000, 0x0000000710400000|  0%| F|  |TAMS 0x0000000710200000, 0x0000000710200000| Untracked 
|  46|0x0000000710400000, 0x0000000710400000, 0x0000000710600000|  0%| F|  |TAMS 0x0000000710400000, 0x0000000710400000| Untracked 
|  47|0x0000000710600000, 0x0000000710600000, 0x0000000710800000|  0%| F|  |TAMS 0x0000000710600000, 0x0000000710600000| Untracked 
|  48|0x0000000710800000, 0x0000000710800000, 0x0000000710a00000|  0%| F|  |TAMS 0x0000000710800000, 0x0000000710800000| Untracked 
|  49|0x0000000710a00000, 0x0000000710a00000, 0x0000000710c00000|  0%| F|  |TAMS 0x0000000710a00000, 0x0000000710a00000| Untracked 
|  50|0x0000000710c00000, 0x0000000710c00000, 0x0000000710e00000|  0%| F|  |TAMS 0x0000000710c00000, 0x0000000710c00000| Untracked 
|  51|0x0000000710e00000, 0x0000000710e00000, 0x0000000711000000|  0%| F|  |TAMS 0x0000000710e00000, 0x0000000710e00000| Untracked 
|  52|0x0000000711000000, 0x0000000711000000, 0x0000000711200000|  0%| F|  |TAMS 0x0000000711000000, 0x0000000711000000| Untracked 
|  53|0x0000000711200000, 0x0000000711200000, 0x0000000711400000|  0%| F|  |TAMS 0x0000000711200000, 0x0000000711200000| Untracked 
|  54|0x0000000711400000, 0x0000000711400000, 0x0000000711600000|  0%| F|  |TAMS 0x0000000711400000, 0x0000000711400000| Untracked 
|  55|0x0000000711600000, 0x0000000711600000, 0x0000000711800000|  0%| F|  |TAMS 0x0000000711600000, 0x0000000711600000| Untracked 
|  56|0x0000000711800000, 0x0000000711800000, 0x0000000711a00000|  0%| F|  |TAMS 0x0000000711800000, 0x0000000711800000| Untracked 
|  57|0x0000000711a00000, 0x0000000711a00000, 0x0000000711c00000|  0%| F|  |TAMS 0x0000000711a00000, 0x0000000711a00000| Untracked 
|  58|0x0000000711c00000, 0x0000000711c00000, 0x0000000711e00000|  0%| F|  |TAMS 0x0000000711c00000, 0x0000000711c00000| Untracked 
|  59|0x0000000711e00000, 0x0000000711e00000, 0x0000000712000000|  0%| F|  |TAMS 0x0000000711e00000, 0x0000000711e00000| Untracked 
|  60|0x0000000712000000, 0x0000000712000000, 0x0000000712200000|  0%| F|  |TAMS 0x0000000712000000, 0x0000000712000000| Untracked 
|  61|0x0000000712200000, 0x0000000712200000, 0x0000000712400000|  0%| F|  |TAMS 0x0000000712200000, 0x0000000712200000| Untracked 
|  62|0x0000000712400000, 0x0000000712400000, 0x0000000712600000|  0%| F|  |TAMS 0x0000000712400000, 0x0000000712400000| Untracked 
|  63|0x0000000712600000, 0x0000000712600000, 0x0000000712800000|  0%| F|  |TAMS 0x0000000712600000, 0x0000000712600000| Untracked 
|  64|0x0000000712800000, 0x0000000712800000, 0x0000000712a00000|  0%| F|  |TAMS 0x0000000712800000, 0x0000000712800000| Untracked 
|  65|0x0000000712a00000, 0x0000000712a00000, 0x0000000712c00000|  0%| F|  |TAMS 0x0000000712a00000, 0x0000000712a00000| Untracked 
|  66|0x0000000712c00000, 0x0000000712c00000, 0x0000000712e00000|  0%| F|  |TAMS 0x0000000712c00000, 0x0000000712c00000| Untracked 
|  67|0x0000000712e00000, 0x0000000712e00000, 0x0000000713000000|  0%| F|  |TAMS 0x0000000712e00000, 0x0000000712e00000| Untracked 
|  68|0x0000000713000000, 0x0000000713000000, 0x0000000713200000|  0%| F|  |TAMS 0x0000000713000000, 0x0000000713000000| Untracked 
|  69|0x0000000713200000, 0x0000000713200000, 0x0000000713400000|  0%| F|  |TAMS 0x0000000713200000, 0x0000000713200000| Untracked 
|  70|0x0000000713400000, 0x0000000713400000, 0x0000000713600000|  0%| F|  |TAMS 0x0000000713400000, 0x0000000713400000| Untracked 
|  71|0x0000000713600000, 0x0000000713600000, 0x0000000713800000|  0%| F|  |TAMS 0x0000000713600000, 0x0000000713600000| Untracked 
|  72|0x0000000713800000, 0x0000000713800000, 0x0000000713a00000|  0%| F|  |TAMS 0x0000000713800000, 0x0000000713800000| Untracked 
|  73|0x0000000713a00000, 0x0000000713a00000, 0x0000000713c00000|  0%| F|  |TAMS 0x0000000713a00000, 0x0000000713a00000| Untracked 
|  74|0x0000000713c00000, 0x0000000713c00000, 0x0000000713e00000|  0%| F|  |TAMS 0x0000000713c00000, 0x0000000713c00000| Untracked 
|  75|0x0000000713e00000, 0x0000000713e00000, 0x0000000714000000|  0%| F|  |TAMS 0x0000000713e00000, 0x0000000713e00000| Untracked 
|  76|0x0000000714000000, 0x0000000714000000, 0x0000000714200000|  0%| F|  |TAMS 0x0000000714000000, 0x0000000714000000| Untracked 
|  77|0x0000000714200000, 0x0000000714200000, 0x0000000714400000|  0%| F|  |TAMS 0x0000000714200000, 0x0000000714200000| Untracked 
|  78|0x0000000714400000, 0x0000000714400000, 0x0000000714600000|  0%| F|  |TAMS 0x0000000714400000, 0x0000000714400000| Untracked 
|  79|0x0000000714600000, 0x0000000714600000, 0x0000000714800000|  0%| F|  |TAMS 0x0000000714600000, 0x0000000714600000| Untracked 
|  80|0x0000000714800000, 0x0000000714800000, 0x0000000714a00000|  0%| F|  |TAMS 0x0000000714800000, 0x0000000714800000| Untracked 
|  81|0x0000000714a00000, 0x0000000714a00000, 0x0000000714c00000|  0%| F|  |TAMS 0x0000000714a00000, 0x0000000714a00000| Untracked 
|  82|0x0000000714c00000, 0x0000000714c00000, 0x0000000714e00000|  0%| F|  |TAMS 0x0000000714c00000, 0x0000000714c00000| Untracked 
|  83|0x0000000714e00000, 0x0000000714e00000, 0x0000000715000000|  0%| F|  |TAMS 0x0000000714e00000, 0x0000000714e00000| Untracked 
|  84|0x0000000715000000, 0x0000000715000000, 0x0000000715200000|  0%| F|  |TAMS 0x0000000715000000, 0x0000000715000000| Untracked 
|  85|0x0000000715200000, 0x0000000715200000, 0x0000000715400000|  0%| F|  |TAMS 0x0000000715200000, 0x0000000715200000| Untracked 
|  86|0x0000000715400000, 0x0000000715400000, 0x0000000715600000|  0%| F|  |TAMS 0x0000000715400000, 0x0000000715400000| Untracked 
|  87|0x0000000715600000, 0x0000000715600000, 0x0000000715800000|  0%| F|  |TAMS 0x0000000715600000, 0x0000000715600000| Untracked 
|  88|0x0000000715800000, 0x0000000715800000, 0x0000000715a00000|  0%| F|  |TAMS 0x0000000715800000, 0x0000000715800000| Untracked 
|  89|0x0000000715a00000, 0x0000000715a00000, 0x0000000715c00000|  0%| F|  |TAMS 0x0000000715a00000, 0x0000000715a00000| Untracked 
|  90|0x0000000715c00000, 0x0000000715c00000, 0x0000000715e00000|  0%| F|  |TAMS 0x0000000715c00000, 0x0000000715c00000| Untracked 
|  91|0x0000000715e00000, 0x0000000715e00000, 0x0000000716000000|  0%| F|  |TAMS 0x0000000715e00000, 0x0000000715e00000| Untracked 
|  92|0x0000000716000000, 0x0000000716000000, 0x0000000716200000|  0%| F|  |TAMS 0x0000000716000000, 0x0000000716000000| Untracked 
|  93|0x0000000716200000, 0x0000000716200000, 0x0000000716400000|  0%| F|  |TAMS 0x0000000716200000, 0x0000000716200000| Untracked 
|  94|0x0000000716400000, 0x0000000716400000, 0x0000000716600000|  0%| F|  |TAMS 0x0000000716400000, 0x0000000716400000| Untracked 
|  95|0x0000000716600000, 0x0000000716600000, 0x0000000716800000|  0%| F|  |TAMS 0x0000000716600000, 0x0000000716600000| Untracked 
|  96|0x0000000716800000, 0x0000000716800000, 0x0000000716a00000|  0%| F|  |TAMS 0x0000000716800000, 0x0000000716800000| Untracked 
|  97|0x0000000716a00000, 0x0000000716a00000, 0x0000000716c00000|  0%| F|  |TAMS 0x0000000716a00000, 0x0000000716a00000| Untracked 
|  98|0x0000000716c00000, 0x0000000716c00000, 0x0000000716e00000|  0%| F|  |TAMS 0x0000000716c00000, 0x0000000716c00000| Untracked 
|  99|0x0000000716e00000, 0x0000000716e00000, 0x0000000717000000|  0%| F|  |TAMS 0x0000000716e00000, 0x0000000716e00000| Untracked 
| 100|0x0000000717000000, 0x0000000717200000, 0x0000000717200000|100%| S|CS|TAMS 0x0000000717000000, 0x0000000717000000| Complete 
| 101|0x0000000717200000, 0x0000000717400000, 0x0000000717400000|100%| S|CS|TAMS 0x0000000717200000, 0x0000000717200000| Complete 
| 102|0x0000000717400000, 0x0000000717600000, 0x0000000717600000|100%| S|CS|TAMS 0x0000000717400000, 0x0000000717400000| Complete 
| 103|0x0000000717600000, 0x0000000717600000, 0x0000000717800000|  0%| F|  |TAMS 0x0000000717600000, 0x0000000717600000| Untracked 
| 104|0x0000000717800000, 0x0000000717800000, 0x0000000717a00000|  0%| F|  |TAMS 0x0000000717800000, 0x0000000717800000| Untracked 
| 105|0x0000000717a00000, 0x0000000717a00000, 0x0000000717c00000|  0%| F|  |TAMS 0x0000000717a00000, 0x0000000717a00000| Untracked 
| 106|0x0000000717c00000, 0x0000000717c00000, 0x0000000717e00000|  0%| F|  |TAMS 0x0000000717c00000, 0x0000000717c00000| Untracked 
| 107|0x0000000717e00000, 0x0000000717e00000, 0x0000000718000000|  0%| F|  |TAMS 0x0000000717e00000, 0x0000000717e00000| Untracked 
| 108|0x0000000718000000, 0x0000000718000000, 0x0000000718200000|  0%| F|  |TAMS 0x0000000718000000, 0x0000000718000000| Untracked 
| 109|0x0000000718200000, 0x0000000718200000, 0x0000000718400000|  0%| F|  |TAMS 0x0000000718200000, 0x0000000718200000| Untracked 
| 110|0x0000000718400000, 0x0000000718400000, 0x0000000718600000|  0%| F|  |TAMS 0x0000000718400000, 0x0000000718400000| Untracked 
| 111|0x0000000718600000, 0x0000000718600000, 0x0000000718800000|  0%| F|  |TAMS 0x0000000718600000, 0x0000000718600000| Untracked 
| 112|0x0000000718800000, 0x0000000718800000, 0x0000000718a00000|  0%| F|  |TAMS 0x0000000718800000, 0x0000000718800000| Untracked 
| 113|0x0000000718a00000, 0x0000000718a00000, 0x0000000718c00000|  0%| F|  |TAMS 0x0000000718a00000, 0x0000000718a00000| Untracked 
| 114|0x0000000718c00000, 0x0000000718c00000, 0x0000000718e00000|  0%| F|  |TAMS 0x0000000718c00000, 0x0000000718c00000| Untracked 
| 115|0x0000000718e00000, 0x0000000718e00000, 0x0000000719000000|  0%| F|  |TAMS 0x0000000718e00000, 0x0000000718e00000| Untracked 
| 116|0x0000000719000000, 0x0000000719082390, 0x0000000719200000| 25%| E|  |TAMS 0x0000000719000000, 0x0000000719000000| Complete 
| 117|0x0000000719200000, 0x0000000719400000, 0x0000000719400000|100%| E|CS|TAMS 0x0000000719200000, 0x0000000719200000| Complete 
| 118|0x0000000719400000, 0x0000000719600000, 0x0000000719600000|100%| E|CS|TAMS 0x0000000719400000, 0x0000000719400000| Complete 
| 119|0x0000000719600000, 0x0000000719800000, 0x0000000719800000|100%| E|CS|TAMS 0x0000000719600000, 0x0000000719600000| Complete 
| 120|0x0000000719800000, 0x0000000719a00000, 0x0000000719a00000|100%| E|CS|TAMS 0x0000000719800000, 0x0000000719800000| Complete 
| 121|0x0000000719a00000, 0x0000000719c00000, 0x0000000719c00000|100%| E|CS|TAMS 0x0000000719a00000, 0x0000000719a00000| Complete 
| 122|0x0000000719c00000, 0x0000000719e00000, 0x0000000719e00000|100%| E|CS|TAMS 0x0000000719c00000, 0x0000000719c00000| Complete 

Card table byte_map: [0x0000027898760000,0x0000027898f10000] _byte_map_base: 0x0000027894f0c000

Marking Bits (Prev, Next): (CMBitMap*) 0x00000278ffd5cda0, (CMBitMap*) 0x00000278ffd5cde0
 Prev Bits: [0x00000278996c0000, 0x000002789d420000)
 Next Bits: [0x000002789d420000, 0x00000278a1180000)

Polling page: 0x00000278ff0d0000

Metaspace:

Usage:
  Non-class:     15.64 MB used.
      Class:      2.37 MB used.
       Both:     18.02 MB used.

Virtual space:
  Non-class space:       64.00 MB reserved,      15.81 MB ( 25%) committed,  1 nodes.
      Class space:        1.00 GB reserved,       2.50 MB ( <1%) committed,  1 nodes.
             Both:        1.06 GB reserved,      18.31 MB (  2%) committed. 

Chunk freelists:
   Non-Class:  3.86 MB
       Class:  1.51 MB
        Both:  5.37 MB

MaxMetaspaceSize: unlimited
CompressedClassSpaceSize: 1.00 GB
Initial GC threshold: 21.00 MB
Current GC threshold: 21.00 MB
CDS: on
MetaspaceReclaimPolicy: balanced
 - commit_granule_bytes: 65536.
 - commit_granule_words: 8192.
 - virtual_space_node_default_size: 8388608.
 - enlarge_chunks_in_place: 1.
 - new_chunks_are_fully_committed: 0.
 - uncommit_free_chunks: 1.
 - use_allocation_guard: 0.


Internal statistics:

num_allocs_failed_limit: 0.
num_arena_births: 316.
num_arena_deaths: 0.
num_vsnodes_births: 2.
num_vsnodes_deaths: 0.
num_space_committed: 293.
num_space_uncommitted: 0.
num_chunks_returned_to_freelist: 0.
num_chunks_taken_from_freelist: 910.
num_chunk_merges: 0.
num_chunk_splits: 628.
num_chunks_enlarged: 472.
num_inconsistent_stats: 0.

CodeHeap 'non-profiled nmethods': size=120000Kb used=1038Kb max_used=1038Kb free=118961Kb
 bounds [0x0000027890750000, 0x00000278909c0000, 0x0000027897c80000]
CodeHeap 'profiled nmethods': size=120000Kb used=5616Kb max_used=5616Kb free=114384Kb
 bounds [0x0000027889220000, 0x00000278897a0000, 0x0000027890750000]
CodeHeap 'non-nmethods': size=5760Kb used=1462Kb max_used=1480Kb free=4297Kb
 bounds [0x0000027888c80000, 0x0000027888ef0000, 0x0000027889220000]
 total_blobs=3835 nmethods=3014 adapters=733
 compilation: enabled
              stopped_count=0, restarted_count=0
 full_count=0

Compilation events (20 events):
Event: 23.634 Thread 0x00000278a3556810 3006       3       com.sun.javafx.event.BasicEventDispatcher::dispatchBubblingEvent (2 bytes)
Event: 23.634 Thread 0x00000278a3556810 nmethod 3006 0x0000027889797810 code [0x00000278897979a0, 0x0000027889797ab8]
Event: 23.661 Thread 0x00000278a3556810 3007       3       com.sun.glass.ui.View::handleMouseEvent (34 bytes)
Event: 23.662 Thread 0x00000278a3556810 nmethod 3007 0x0000027889797b90 code [0x0000027889797d40, 0x0000027889797fe8]
Event: 23.662 Thread 0x00000278a3556810 3008       3       com.sun.javafx.tk.quantum.GlassViewEventHandler::handleMouseEvent (108 bytes)
Event: 23.662 Thread 0x00000278a3556810 nmethod 3008 0x0000027889798110 code [0x0000027889798320, 0x00000278897989b8]
Event: 23.662 Thread 0x00000278a3556810 3009       3       com.sun.javafx.tk.quantum.GlassViewEventHandler$$Lambda$418/0x0000000800e34650::<init> (10 bytes)
Event: 23.662 Thread 0x00000278a3556810 nmethod 3009 0x0000027889798c90 code [0x0000027889798e20, 0x0000027889798fd8]
Event: 23.662 Thread 0x00000278a3556810 3010   !   3       com.sun.javafx.tk.quantum.GlassViewEventHandler$MouseEventNotification::run (703 bytes)
Event: 23.663 Thread 0x00000278a3556810 nmethod 3010 0x0000027889799090 code [0x0000027889799360, 0x000002788979a6e8]
Event: 23.663 Thread 0x00000278a3556810 3011       3       com.sun.javafx.tk.quantum.GlassViewEventHandler::mouseEventType (102 bytes)
Event: 23.663 Thread 0x00000278a3556810 nmethod 3011 0x000002788979af10 code [0x000002788979b100, 0x000002788979b528]
Event: 23.663 Thread 0x00000278a3556810 3012       3       com.sun.javafx.tk.quantum.GlassViewEventHandler::mouseEventButton (60 bytes)
Event: 23.663 Thread 0x00000278a3556810 nmethod 3012 0x000002788979b610 code [0x000002788979b7e0, 0x000002788979bab8]
Event: 85.961 Thread 0x00000278a3555e30 3013       4       com.sun.javafx.tk.quantum.QuantumToolkit::postPulse (133 bytes)
Event: 85.964 Thread 0x00000278a3555e30 nmethod 3013 0x0000027890852b10 code [0x0000027890852cc0, 0x0000027890852f18]
Event: 86.541 Thread 0x00000278a3555e30 3014       4       com.sun.javafx.tk.quantum.QuantumToolkit$$Lambda$80/0x0000000800c39270::run (8 bytes)
Event: 86.544 Thread 0x00000278a3555e30 nmethod 3014 0x0000027890853210 code [0x00000278908533e0, 0x00000278908536a8]
Event: 98.658 Thread 0x00000278a3556810 3015       3       jdk.internal.loader.URLClassPath$JarLoader::findResource (18 bytes)
Event: 98.659 Thread 0x00000278a3556810 nmethod 3015 0x000002788979bb90 code [0x000002788979bd40, 0x000002788979bf28]

GC Heap History (4 events):
Event: 0.573 GC heap before
{Heap before GC invocations=0 (full 0):
 garbage-first heap   total 251904K, used 22528K [0x000000070a800000, 0x0000000800000000)
  region size 2048K, 11 young (22528K), 0 survivors (0K)
 Metaspace       used 5092K, committed 5312K, reserved 1114112K
  class space    used 585K, committed 704K, reserved 1048576K
}
Event: 0.577 GC heap after
{Heap after GC invocations=1 (full 0):
 garbage-first heap   total 251904K, used 2909K [0x000000070a800000, 0x0000000800000000)
  region size 2048K, 2 young (4096K), 2 survivors (4096K)
 Metaspace       used 5092K, committed 5312K, reserved 1114112K
  class space    used 585K, committed 704K, reserved 1048576K
}
Event: 1.885 GC heap before
{Heap before GC invocations=1 (full 0):
 garbage-first heap   total 251904K, used 41821K [0x000000070a800000, 0x0000000800000000)
  region size 2048K, 20 young (40960K), 2 survivors (4096K)
 Metaspace       used 14465K, committed 14848K, reserved 1114112K
  class space    used 2072K, committed 2240K, reserved 1048576K
}
Event: 1.891 GC heap after
{Heap after GC invocations=2 (full 0):
 garbage-first heap   total 251904K, used 9736K [0x000000070a800000, 0x0000000800000000)
  region size 2048K, 3 young (6144K), 3 survivors (6144K)
 Metaspace       used 14465K, committed 14848K, reserved 1114112K
  class space    used 2072K, committed 2240K, reserved 1048576K
}

Deoptimization events (20 events):
Event: 14.071 Thread 0x00000278a8a77d10 DEOPT PACKING pc=0x00000278907989c4 sp=0x000000f1f05fad90
Event: 14.071 Thread 0x00000278a8a77d10 DEOPT UNPACKING pc=0x0000027888cd23a3 sp=0x000000f1f05facb8 mode 2
Event: 14.071 Thread 0x00000278a8a77d10 Uncommon trap: trap_request=0xffffff45 fr.pc=0x00000278907e3874 relative=0x00000000000003d4
Event: 14.071 Thread 0x00000278a8a77d10 Uncommon trap: reason=unstable_if action=reinterpret pc=0x00000278907e3874 method=java.lang.AbstractStringBuilder.isLatin1()Z @ 10 c2
Event: 14.071 Thread 0x00000278a8a77d10 DEOPT PACKING pc=0x00000278907e3874 sp=0x000000f1f05fada0
Event: 14.071 Thread 0x00000278a8a77d10 DEOPT UNPACKING pc=0x0000027888cd23a3 sp=0x000000f1f05fad20 mode 2
Event: 14.250 Thread 0x00000278a8a77d10 DEOPT PACKING pc=0x000002788930643e sp=0x000000f1f05fab30
Event: 14.250 Thread 0x00000278a8a77d10 DEOPT UNPACKING pc=0x0000027888cd2b43 sp=0x000000f1f05f9fd0 mode 0
Event: 17.308 Thread 0x00000278a8a77d10 Uncommon trap: trap_request=0xffffff45 fr.pc=0x00000278907c3100 relative=0x0000000000000460
Event: 17.308 Thread 0x00000278a8a77d10 Uncommon trap: reason=unstable_if action=reinterpret pc=0x00000278907c3100 method=java.lang.String.substring(II)Ljava/lang/String; @ 31 c2
Event: 17.308 Thread 0x00000278a8a77d10 DEOPT PACKING pc=0x00000278907c3100 sp=0x000000f1f05f9230
Event: 17.308 Thread 0x00000278a8a77d10 DEOPT UNPACKING pc=0x0000027888cd23a3 sp=0x000000f1f05f9200 mode 2
Event: 17.361 Thread 0x00000278a8a77d10 Uncommon trap: trap_request=0xffffff45 fr.pc=0x00000278907eeea4 relative=0x0000000000000104
Event: 17.361 Thread 0x00000278a8a77d10 Uncommon trap: reason=unstable_if action=reinterpret pc=0x00000278907eeea4 method=java.lang.StringConcatHelper.prepend(J[BLjava/lang/String;)J @ 13 c2
Event: 17.361 Thread 0x00000278a8a77d10 DEOPT PACKING pc=0x00000278907eeea4 sp=0x000000f1f05f9160
Event: 17.361 Thread 0x00000278a8a77d10 DEOPT UNPACKING pc=0x0000027888cd23a3 sp=0x000000f1f05f9110 mode 2
Event: 21.546 Thread 0x00000278a8a77d10 Uncommon trap: trap_request=0xffffff45 fr.pc=0x0000027890798fd4 relative=0x00000000000000d4
Event: 21.546 Thread 0x00000278a8a77d10 Uncommon trap: reason=unstable_if action=reinterpret pc=0x0000027890798fd4 method=java.lang.String.getBytes([BIB)V @ 5 c2
Event: 21.546 Thread 0x00000278a8a77d10 DEOPT PACKING pc=0x0000027890798fd4 sp=0x000000f1f05f9170
Event: 21.546 Thread 0x00000278a8a77d10 DEOPT UNPACKING pc=0x0000027888cd23a3 sp=0x000000f1f05f9118 mode 2

Classes loaded (20 events):
Event: 14.218 Loading class java/security/spec/InvalidKeySpecException
Event: 14.218 Loading class java/security/spec/InvalidKeySpecException done
Event: 14.218 Loading class java/security/spec/KeySpec
Event: 14.218 Loading class java/security/spec/KeySpec done
Event: 14.218 Loading class javax/crypto/NoSuchPaddingException
Event: 14.218 Loading class javax/crypto/NoSuchPaddingException done
Event: 14.218 Loading class java/security/InvalidKeyException
Event: 14.218 Loading class java/security/InvalidKeyException done
Event: 14.218 Loading class javax/crypto/IllegalBlockSizeException
Event: 14.218 Loading class javax/crypto/IllegalBlockSizeException done
Event: 14.218 Loading class javax/crypto/BadPaddingException
Event: 14.218 Loading class javax/crypto/BadPaddingException done
Event: 14.218 Loading class java/security/Key
Event: 14.218 Loading class java/security/Key done
Event: 14.219 Loading class javax/net/ssl/SSLSocket
Event: 14.219 Loading class javax/net/ssl/SSLSocket done
Event: 15.523 Loading class java/text/StringCharacterIterator
Event: 15.523 Loading class java/text/StringCharacterIterator done
Event: 115.418 Loading class jdk/internal/misc/Signal$1
Event: 115.418 Loading class jdk/internal/misc/Signal$1 done

Classes unloaded (0 events):
No events

Classes redefined (0 events):
No events

Internal exceptions (20 events):
Event: 1.064 Thread 0x00000278a8a77d10 Exception <a 'java/lang/NoSuchMethodError'{0x0000000717ea0900}: 'void java.lang.invoke.DirectMethodHandle$Holder.invokeSpecial(java.lang.Object, java.lang.Object, java.lang.Object, java.lang.Object, java.lang.Object, java.lang.Object)'> (0x0000000717ea0900) 
thrown [s\open\src\hotspot\share\interpreter\linkResolver.cpp, line 759]
Event: 1.102 Thread 0x00000278a8a77d10 Exception <a 'java/lang/NoSuchMethodError'{0x0000000717d2bc98}: 'int java.lang.invoke.DirectMethodHandle$Holder.invokeSpecial(java.lang.Object, java.lang.Object, int)'> (0x0000000717d2bc98) 
thrown [s\open\src\hotspot\share\interpreter\linkResolver.cpp, line 759]
Event: 1.131 Thread 0x00000278a3553cb0 Exception <a 'sun/nio/fs/WindowsException'{0x0000000717b13ac8}> (0x0000000717b13ac8) 
thrown [s\open\src\hotspot\share\prims\jni.cpp, line 516]
Event: 1.139 Thread 0x00000278a8a77d10 Exception <a 'java/lang/NoSuchMethodError'{0x0000000717af5108}: 'java.lang.Object java.lang.invoke.DirectMethodHandle$Holder.newInvokeSpecial(java.lang.Object, java.lang.Object, int)'> (0x0000000717af5108) 
thrown [s\open\src\hotspot\share\interpreter\linkResolver.cpp, line 759]
Event: 1.163 Thread 0x00000278a8b3f880 Exception <a 'java/lang/NoSuchMethodError'{0x000000071781aaa0}: 'int java.lang.invoke.DirectMethodHandle$Holder.invokeStaticInit(java.lang.Object, java.lang.Object)'> (0x000000071781aaa0) 
thrown [s\open\src\hotspot\share\interpreter\linkResolver.cpp, line 759]
Event: 1.165 Thread 0x00000278a8a77d10 Exception <a 'java/lang/NoSuchMethodError'{0x000000071784c478}: 'long java.lang.invoke.DirectMethodHandle$Holder.invokeStatic(java.lang.Object, java.lang.Object, java.lang.Object)'> (0x000000071784c478) 
thrown [s\open\src\hotspot\share\interpreter\linkResolver.cpp, line 759]
Event: 1.166 Thread 0x00000278a8a77d10 Exception <a 'java/lang/NoSuchMethodError'{0x000000071784fc18}: 'long java.lang.invoke.DirectMethodHandle$Holder.invokeStaticInit(java.lang.Object, java.lang.Object, java.lang.Object)'> (0x000000071784fc18) 
thrown [s\open\src\hotspot\share\interpreter\linkResolver.cpp, line 759]
Event: 1.168 Thread 0x00000278a8a77d10 Exception <a 'java/lang/NoSuchMethodError'{0x0000000717868260}: 'java.lang.Object java.lang.invoke.DirectMethodHandle$Holder.newInvokeSpecial(java.lang.Object, java.lang.Object, long)'> (0x0000000717868260) 
thrown [s\open\src\hotspot\share\interpreter\linkResolver.cpp, line 759]
Event: 1.169 Thread 0x00000278a8a77d10 Exception <a 'java/lang/NoSuchMethodError'{0x000000071789f0b0}: 'java.lang.Object java.lang.invoke.Invokers$Holder.linkToTargetMethod(java.lang.Object, long, java.lang.Object)'> (0x000000071789f0b0) 
thrown [s\open\src\hotspot\share\interpreter\linkResolver.cpp, line 759]
Event: 13.570 Thread 0x00000278a8a77d10 Exception <a 'sun/nio/fs/WindowsException'{0x0000000719b84448}> (0x0000000719b84448) 
thrown [s\open\src\hotspot\share\prims\jni.cpp, line 516]
Event: 13.589 Thread 0x00000278a8a77d10 Exception <a 'java/lang/NoSuchMethodError'{0x0000000719856d20}: 'java.lang.Object java.lang.invoke.DirectMethodHandle$Holder.invokeInterface(java.lang.Object, java.lang.Object)'> (0x0000000719856d20) 
thrown [s\open\src\hotspot\share\interpreter\linkResolver.cpp, line 759]
Event: 13.592 Thread 0x00000278a8a77d10 Exception <a 'sun/nio/fs/WindowsException'{0x00000007198616a8}> (0x00000007198616a8) 
thrown [s\open\src\hotspot\share\prims\jni.cpp, line 516]
Event: 13.593 Thread 0x00000278a8a77d10 Exception <a 'sun/nio/fs/WindowsException'{0x0000000719863ac0}> (0x0000000719863ac0) 
thrown [s\open\src\hotspot\share\prims\jni.cpp, line 516]
Event: 13.602 Thread 0x00000278a8a77d10 Exception <a 'sun/nio/fs/WindowsException'{0x00000007198bb400}> (0x00000007198bb400) 
thrown [s\open\src\hotspot\share\prims\jni.cpp, line 516]
Event: 13.602 Thread 0x00000278a8a77d10 Exception <a 'sun/nio/fs/WindowsException'{0x00000007198bd980}> (0x00000007198bd980) 
thrown [s\open\src\hotspot\share\prims\jni.cpp, line 516]
Event: 13.609 Thread 0x00000278a8a77d10 Exception <a 'java/lang/NoSuchMethodError'{0x00000007198cd8b0}: 'java.lang.Object java.lang.invoke.DirectMethodHandle$Holder.invokeVirtual(java.lang.Object, java.lang.Object, java.lang.Object)'> (0x00000007198cd8b0) 
thrown [s\open\src\hotspot\share\interpreter\linkResolver.cpp, line 759]
Event: 13.675 Thread 0x00000278a8a77d10 Exception <a 'sun/nio/fs/WindowsException'{0x00000007197c80b0}> (0x00000007197c80b0) 
thrown [s\open\src\hotspot\share\prims\jni.cpp, line 516]
Event: 14.010 Thread 0x00000278a8a77d10 Implicit null exception at 0x000002789079acd2 to 0x000002789079b1dc
Event: 14.011 Thread 0x00000278a8a77d10 Implicit null exception at 0x00000278907a06d2 to 0x00000278907a0bd0
Event: 14.219 Thread 0x00000278a8a77d10 Exception <a 'sun/nio/fs/WindowsException'{0x00000007192459e8}> (0x00000007192459e8) 
thrown [s\open\src\hotspot\share\prims\jni.cpp, line 516]

VM Operations (20 events):
Event: 13.590 Executing VM operation: HandshakeAllThreads done
Event: 13.736 Executing VM operation: HandshakeAllThreads
Event: 13.736 Executing VM operation: HandshakeAllThreads done
Event: 13.747 Executing VM operation: HandshakeAllThreads
Event: 13.747 Executing VM operation: HandshakeAllThreads done
Event: 14.747 Executing VM operation: Cleanup
Event: 14.748 Executing VM operation: Cleanup done
Event: 16.748 Executing VM operation: Cleanup
Event: 16.748 Executing VM operation: Cleanup done
Event: 18.748 Executing VM operation: Cleanup
Event: 18.748 Executing VM operation: Cleanup done
Event: 19.748 Executing VM operation: Cleanup
Event: 19.749 Executing VM operation: Cleanup done
Event: 20.749 Executing VM operation: Cleanup
Event: 20.749 Executing VM operation: Cleanup done
Event: 21.749 Executing VM operation: Cleanup
Event: 21.750 Executing VM operation: Cleanup done
Event: 23.750 Executing VM operation: Cleanup
Event: 23.750 Executing VM operation: Cleanup done
Event: 115.422 Executing VM operation: Exit

Events (20 events):
Event: 0.467 Thread 0x00000278a80c0e20 Thread exited: 0x00000278a80c0e20
Event: 0.535 Thread 0x00000278a8a99330 Thread added: 0x00000278a8a99330
Event: 0.539 Thread 0x00000278a8a997f0 Thread added: 0x00000278a8a997f0
Event: 0.562 Loaded shared library C:\Users\tvoro\.jdks\openjdk-18.0.2.1\bin\jimage.dll
Event: 0.671 Loaded shared library C:\Users\tvoro\.openjfx\cache\18.0.1+2\javafx_font.dll
Event: 0.986 Thread 0x00000278adb55040 Thread added: 0x00000278adb55040
Event: 1.131 Thread 0x00000278adb01330 Thread added: 0x00000278adb01330
Event: 1.194 Thread 0x00000278adc60590 Thread added: 0x00000278adc60590
Event: 1.464 Thread 0x00000278adb01330 Thread exited: 0x00000278adb01330
Event: 1.464 Thread 0x00000278a80c0340 Thread exited: 0x00000278a80c0340
Event: 13.568 Thread 0x00000278adc635b0 Thread added: 0x00000278adc635b0
Event: 13.601 Thread 0x00000278add042d0 Thread added: 0x00000278add042d0
Event: 13.601 Thread 0x00000278a89b64c0 Thread added: 0x00000278a89b64c0
Event: 13.911 Thread 0x00000278a89b64c0 Thread exited: 0x00000278a89b64c0
Event: 13.911 Thread 0x00000278add042d0 Thread exited: 0x00000278add042d0
Event: 115.418 Thread 0x00000278adc618d0 Thread added: 0x00000278adc618d0
Event: 115.419 Thread 0x00000278adc61400 Thread added: 0x00000278adc61400
Event: 115.419 Thread 0x00000278adc60a60 Thread added: 0x00000278adc60a60
Event: 115.420 Thread 0x00000278adc60a60 Thread exited: 0x00000278adc60a60
Event: 115.421 Thread 0x00000278adc61400 Thread exited: 0x00000278adc61400


Dynamic libraries:
0x00007ff7a60c0000 - 0x00007ff7a60ce000 	C:\Users\tvoro\.jdks\openjdk-18.0.2.1\bin\java.exe
0x00007ffb143f0000 - 0x00007ffb14604000 	C:\WINDOWS\SYSTEM32\ntdll.dll
0x00007ffb12c50000 - 0x00007ffb12d12000 	C:\WINDOWS\System32\KERNEL32.DLL
0x00007ffb11a80000 - 0x00007ffb11e23000 	C:\WINDOWS\System32\KERNELBASE.dll
0x00007ffb11e30000 - 0x00007ffb11f41000 	C:\WINDOWS\System32\ucrtbase.dll
0x00007ffae4b90000 - 0x00007ffae4ba7000 	C:\Users\tvoro\.jdks\openjdk-18.0.2.1\bin\jli.dll
0x00007ffae9280000 - 0x00007ffae929a000 	C:\Users\tvoro\.jdks\openjdk-18.0.2.1\bin\VCRUNTIME140.dll
0x00007ffb141a0000 - 0x00007ffb1434b000 	C:\WINDOWS\System32\USER32.dll
0x00007ffb121a0000 - 0x00007ffb121c6000 	C:\WINDOWS\System32\win32u.dll
0x00007ffb09340000 - 0x00007ffb095ce000 	C:\WINDOWS\WinSxS\amd64_microsoft.windows.common-controls_6595b64144ccf1df_6.0.22621.1635_none_270f70857386168e\COMCTL32.dll
0x00007ffb12ba0000 - 0x00007ffb12c47000 	C:\WINDOWS\System32\msvcrt.dll
0x00007ffb14030000 - 0x00007ffb14059000 	C:\WINDOWS\System32\GDI32.dll
0x00007ffb117f0000 - 0x00007ffb11909000 	C:\WINDOWS\System32\gdi32full.dll
0x00007ffb12010000 - 0x00007ffb120aa000 	C:\WINDOWS\System32\msvcp_win.dll
0x00007ffb13020000 - 0x00007ffb13051000 	C:\WINDOWS\System32\IMM32.DLL
0x00007ffaf65d0000 - 0x00007ffaf65dc000 	C:\Users\tvoro\.jdks\openjdk-18.0.2.1\bin\vcruntime140_1.dll
0x00007ffab9e10000 - 0x00007ffab9e9d000 	C:\Users\tvoro\.jdks\openjdk-18.0.2.1\bin\msvcp140.dll
0x00007ffa8bbf0000 - 0x00007ffa8c801000 	C:\Users\tvoro\.jdks\openjdk-18.0.2.1\bin\server\jvm.dll
0x00007ffb14060000 - 0x00007ffb1410e000 	C:\WINDOWS\System32\ADVAPI32.dll
0x00007ffb12af0000 - 0x00007ffb12b94000 	C:\WINDOWS\System32\sechost.dll
0x00007ffb129a0000 - 0x00007ffb12ab7000 	C:\WINDOWS\System32\RPCRT4.dll
0x00007ffb12ac0000 - 0x00007ffb12ac8000 	C:\WINDOWS\System32\PSAPI.DLL
0x00007ffb0f4c0000 - 0x00007ffb0f4f4000 	C:\WINDOWS\SYSTEM32\WINMM.dll
0x00007ffb00e40000 - 0x00007ffb00e49000 	C:\WINDOWS\SYSTEM32\WSOCK32.dll
0x00007ffb08070000 - 0x00007ffb0807a000 	C:\WINDOWS\SYSTEM32\VERSION.dll
0x00007ffb14110000 - 0x00007ffb14181000 	C:\WINDOWS\System32\WS2_32.dll
0x00007ffb10840000 - 0x00007ffb10858000 	C:\WINDOWS\SYSTEM32\kernel.appcore.dll
0x00007ffaf60a0000 - 0x00007ffaf60aa000 	C:\Users\tvoro\.jdks\openjdk-18.0.2.1\bin\jimage.dll
0x00007ffb0ef10000 - 0x00007ffb0f13e000 	C:\WINDOWS\SYSTEM32\DBGHELP.DLL
0x00007ffb130f0000 - 0x00007ffb13479000 	C:\WINDOWS\System32\combase.dll
0x00007ffb13f40000 - 0x00007ffb14017000 	C:\WINDOWS\System32\OLEAUT32.dll
0x00007ffb01290000 - 0x00007ffb012c2000 	C:\WINDOWS\SYSTEM32\dbgcore.DLL
0x00007ffb120b0000 - 0x00007ffb1212b000 	C:\WINDOWS\System32\bcryptPrimitives.dll
0x00007ffb0d170000 - 0x00007ffb0d17e000 	C:\Users\tvoro\.jdks\openjdk-18.0.2.1\bin\instrument.dll
0x00007ffad5720000 - 0x00007ffad5745000 	C:\Users\tvoro\.jdks\openjdk-18.0.2.1\bin\java.dll
0x00007ffaa0930000 - 0x00007ffaa0a06000 	C:\Users\tvoro\.jdks\openjdk-18.0.2.1\bin\jsvml.dll
0x00007ffb13740000 - 0x00007ffb13f3a000 	C:\WINDOWS\System32\SHELL32.dll
0x00007ffb0f7f0000 - 0x00007ffb100be000 	C:\WINDOWS\SYSTEM32\windows.storage.dll
0x00007ffb0f6b0000 - 0x00007ffb0f7ee000 	C:\WINDOWS\SYSTEM32\wintypes.dll
0x00007ffb12d20000 - 0x00007ffb12e11000 	C:\WINDOWS\System32\SHCORE.dll
0x00007ffb14350000 - 0x00007ffb143ae000 	C:\WINDOWS\System32\shlwapi.dll
0x00007ffb11720000 - 0x00007ffb11741000 	C:\WINDOWS\SYSTEM32\profapi.dll
0x00007ffadfec0000 - 0x00007ffadfed3000 	C:\Users\tvoro\.jdks\openjdk-18.0.2.1\bin\net.dll
0x00007ffb0d5d0000 - 0x00007ffb0d707000 	C:\WINDOWS\SYSTEM32\WINHTTP.dll
0x00007ffb10cb0000 - 0x00007ffb10d19000 	C:\WINDOWS\system32\mswsock.dll
0x00007ffadfce0000 - 0x00007ffadfcf6000 	C:\Users\tvoro\.jdks\openjdk-18.0.2.1\bin\nio.dll
0x00007ffadfba0000 - 0x00007ffadfbb8000 	C:\Users\tvoro\.jdks\openjdk-18.0.2.1\bin\zip.dll
0x00007ffb0d120000 - 0x00007ffb0d13a000 	C:\Program Files\JetBrains\IntelliJ IDEA Community Edition 2022.2.2\bin\breakgen64.dll
0x00000278a3f70000 - 0x00000278a3f73000 	C:\Users\tvoro\.openjfx\cache\18.0.1+2\api-ms-win-core-console-l1-1-0.dll
0x00000278a3f80000 - 0x00000278a3f83000 	C:\Users\tvoro\.openjfx\cache\18.0.1+2\api-ms-win-core-console-l1-2-0.dll
0x00000278a3f90000 - 0x00000278a3f93000 	C:\Users\tvoro\.openjfx\cache\18.0.1+2\api-ms-win-core-datetime-l1-1-0.dll
0x00000278a3fa0000 - 0x00000278a3fa3000 	C:\Users\tvoro\.openjfx\cache\18.0.1+2\api-ms-win-core-debug-l1-1-0.dll
0x00000278a3fb0000 - 0x00000278a3fb3000 	C:\Users\tvoro\.openjfx\cache\18.0.1+2\api-ms-win-core-errorhandling-l1-1-0.dll
0x00000278a3fc0000 - 0x00000278a3fc4000 	C:\Users\tvoro\.openjfx\cache\18.0.1+2\api-ms-win-core-file-l1-1-0.dll
0x00000278a3fd0000 - 0x00000278a3fd3000 	C:\Users\tvoro\.openjfx\cache\18.0.1+2\api-ms-win-core-file-l1-2-0.dll
0x00000278a3fe0000 - 0x00000278a3fe3000 	C:\Users\tvoro\.openjfx\cache\18.0.1+2\api-ms-win-core-file-l2-1-0.dll
0x00000278a3ff0000 - 0x00000278a3ff3000 	C:\Users\tvoro\.openjfx\cache\18.0.1+2\api-ms-win-core-handle-l1-1-0.dll
0x00000278a8c00000 - 0x00000278a8c03000 	C:\Users\tvoro\.openjfx\cache\18.0.1+2\api-ms-win-core-heap-l1-1-0.dll
0x00000278a8c10000 - 0x00000278a8c13000 	C:\Users\tvoro\.openjfx\cache\18.0.1+2\api-ms-win-core-interlocked-l1-1-0.dll
0x00000278a8c20000 - 0x00000278a8c23000 	C:\Users\tvoro\.openjfx\cache\18.0.1+2\api-ms-win-core-libraryloader-l1-1-0.dll
0x00000278a8c30000 - 0x00000278a8c33000 	C:\Users\tvoro\.openjfx\cache\18.0.1+2\api-ms-win-core-localization-l1-2-0.dll
0x00000278a8c40000 - 0x00000278a8c43000 	C:\Users\tvoro\.openjfx\cache\18.0.1+2\api-ms-win-core-memory-l1-1-0.dll
0x00000278a8c50000 - 0x00000278a8c53000 	C:\Users\tvoro\.openjfx\cache\18.0.1+2\api-ms-win-core-namedpipe-l1-1-0.dll
0x00000278a8c60000 - 0x00000278a8c63000 	C:\Users\tvoro\.openjfx\cache\18.0.1+2\api-ms-win-core-processenvironment-l1-1-0.dll
0x00000278a8c70000 - 0x00000278a8c73000 	C:\Users\tvoro\.openjfx\cache\18.0.1+2\api-ms-win-core-processthreads-l1-1-0.dll
0x00000278a8c80000 - 0x00000278a8c83000 	C:\Users\tvoro\.openjfx\cache\18.0.1+2\api-ms-win-core-processthreads-l1-1-1.dll
0x00000278a8c90000 - 0x00000278a8c93000 	C:\Users\tvoro\.openjfx\cache\18.0.1+2\api-ms-win-core-profile-l1-1-0.dll
0x00000278a8ca0000 - 0x00000278a8ca3000 	C:\Users\tvoro\.openjfx\cache\18.0.1+2\api-ms-win-core-rtlsupport-l1-1-0.dll
0x00000278a8cb0000 - 0x00000278a8cb3000 	C:\Users\tvoro\.openjfx\cache\18.0.1+2\api-ms-win-core-string-l1-1-0.dll
0x00000278a8cc0000 - 0x00000278a8cc3000 	C:\Users\tvoro\.openjfx\cache\18.0.1+2\api-ms-win-core-synch-l1-1-0.dll
0x00000278a8cd0000 - 0x00000278a8cd3000 	C:\Users\tvoro\.openjfx\cache\18.0.1+2\api-ms-win-core-synch-l1-2-0.dll
0x00000278a8ce0000 - 0x00000278a8ce3000 	C:\Users\tvoro\.openjfx\cache\18.0.1+2\api-ms-win-core-sysinfo-l1-1-0.dll
0x00000278a8cf0000 - 0x00000278a8cf3000 	C:\Users\tvoro\.openjfx\cache\18.0.1+2\api-ms-win-core-timezone-l1-1-0.dll
0x00000278a8d00000 - 0x00000278a8d03000 	C:\Users\tvoro\.openjfx\cache\18.0.1+2\api-ms-win-core-util-l1-1-0.dll
0x00000278a8d10000 - 0x00000278a8d13000 	C:\Users\tvoro\.openjfx\cache\18.0.1+2\api-ms-win-crt-conio-l1-1-0.dll
0x00000278a8d20000 - 0x00000278a8d24000 	C:\Users\tvoro\.openjfx\cache\18.0.1+2\api-ms-win-crt-convert-l1-1-0.dll
0x00000278a8d30000 - 0x00000278a8d33000 	C:\Users\tvoro\.openjfx\cache\18.0.1+2\api-ms-win-crt-environment-l1-1-0.dll
0x00000278a8d40000 - 0x00000278a8d43000 	C:\Users\tvoro\.openjfx\cache\18.0.1+2\api-ms-win-crt-filesystem-l1-1-0.dll
0x00000278a8d50000 - 0x00000278a8d53000 	C:\Users\tvoro\.openjfx\cache\18.0.1+2\api-ms-win-crt-heap-l1-1-0.dll
0x00000278a8d60000 - 0x00000278a8d63000 	C:\Users\tvoro\.openjfx\cache\18.0.1+2\api-ms-win-crt-locale-l1-1-0.dll
0x00000278a8d70000 - 0x00000278a8d75000 	C:\Users\tvoro\.openjfx\cache\18.0.1+2\api-ms-win-crt-math-l1-1-0.dll
0x00000278a8d80000 - 0x00000278a8d85000 	C:\Users\tvoro\.openjfx\cache\18.0.1+2\api-ms-win-crt-multibyte-l1-1-0.dll
0x00000278a8d90000 - 0x00000278a8da0000 	C:\Users\tvoro\.openjfx\cache\18.0.1+2\api-ms-win-crt-private-l1-1-0.dll
0x00000278a8da0000 - 0x00000278a8da3000 	C:\Users\tvoro\.openjfx\cache\18.0.1+2\api-ms-win-crt-process-l1-1-0.dll
0x00000278a8db0000 - 0x00000278a8db4000 	C:\Users\tvoro\.openjfx\cache\18.0.1+2\api-ms-win-crt-runtime-l1-1-0.dll
0x00000278a8dc0000 - 0x00000278a8dc4000 	C:\Users\tvoro\.openjfx\cache\18.0.1+2\api-ms-win-crt-stdio-l1-1-0.dll
0x00000278a8dd0000 - 0x00000278a8dd4000 	C:\Users\tvoro\.openjfx\cache\18.0.1+2\api-ms-win-crt-string-l1-1-0.dll
0x00000278a8de0000 - 0x00000278a8de3000 	C:\Users\tvoro\.openjfx\cache\18.0.1+2\api-ms-win-crt-time-l1-1-0.dll
0x00000278a8df0000 - 0x00000278a8df3000 	C:\Users\tvoro\.openjfx\cache\18.0.1+2\api-ms-win-crt-utility-l1-1-0.dll
0x00007ffae7110000 - 0x00007ffae720c000 	C:\Users\tvoro\.openjfx\cache\18.0.1+2\ucrtbase.dll
0x00007ffb018b0000 - 0x00007ffb018ca000 	C:\Users\tvoro\.openjfx\cache\18.0.1+2\vcruntime140.dll
0x00007ffb0ced0000 - 0x00007ffb0cedc000 	C:\Users\tvoro\.openjfx\cache\18.0.1+2\vcruntime140_1.dll
0x00007ffafd0d0000 - 0x00007ffafd15d000 	C:\Users\tvoro\.openjfx\cache\18.0.1+2\msvcp140.dll
0x00007ffb00540000 - 0x00007ffb0056c000 	C:\Users\tvoro\.openjfx\cache\18.0.1+2\prism_d3d.dll
0x00007ffacd360000 - 0x00007ffacd509000 	C:\WINDOWS\system32\d3d9.dll
0x00007ffb0e0a0000 - 0x00007ffb0e0cb000 	C:\WINDOWS\SYSTEM32\dwmapi.dll
0x00007ffb0e540000 - 0x00007ffb0e578000 	C:\WINDOWS\SYSTEM32\dxcore.dll
0x00007ffb0df90000 - 0x00007ffb0e03b000 	C:\WINDOWS\system32\uxtheme.dll
0x00007ffb07040000 - 0x00007ffb071fb000 	C:\WINDOWS\System32\DriverStore\FileRepository\u0382083.inf_amd64_56a483f2f33cb58f\B382066\aticfx64.dll
0x00007ffad0710000 - 0x00007ffad0744000 	C:\WINDOWS\System32\DriverStore\FileRepository\u0382083.inf_amd64_56a483f2f33cb58f\B382066\atiu9p64.dll
0x00007ffacc600000 - 0x00007ffacd355000 	C:\WINDOWS\System32\DriverStore\FileRepository\u0382083.inf_amd64_56a483f2f33cb58f\B382066\atiumd64.dll
0x00007ffb12e20000 - 0x00007ffb12fbc000 	C:\WINDOWS\System32\ole32.dll
0x000000006a600000 - 0x000000006b526000 	C:\WINDOWS\System32\DriverStore\FileRepository\u0382083.inf_amd64_56a483f2f33cb58f\B382066\atiumd6a.dll
0x00007ffb12230000 - 0x00007ffb126a4000 	C:\WINDOWS\System32\SETUPAPI.dll
0x00007ffb116c0000 - 0x00007ffb1170d000 	C:\WINDOWS\SYSTEM32\POWRPROF.dll
0x00007ffb116a0000 - 0x00007ffb116b3000 	C:\WINDOWS\SYSTEM32\UMPDC.dll
0x00007ffb06f80000 - 0x00007ffb06fb5000 	C:\WINDOWS\SYSTEM32\amdihk64.dll
0x00007ffb097f0000 - 0x00007ffb09838000 	C:\WINDOWS\SYSTEM32\directxdatabasehelper.dll
0x00007ffafcf80000 - 0x00007ffafcfc2000 	C:\Users\tvoro\.openjfx\cache\18.0.1+2\glass.dll
0x00007ffb13520000 - 0x00007ffb13617000 	C:\WINDOWS\System32\COMDLG32.dll
0x00007ffaca700000 - 0x00007ffaca839000 	C:\ProgramData\A-Volute\A-Volute.Nahimic\Modules\Scheduled\x64\AudioDevProps2.dll
0x00007ffab9b50000 - 0x00007ffab9ba7000 	C:\Program Files\Huawei\PCManager\plugins\PerfWndMonModule.dll
0x00007ffb126b0000 - 0x00007ffb127d7000 	C:\WINDOWS\System32\MSCTF.dll
0x00007ffb009e0000 - 0x00007ffb009f4000 	C:\Users\tvoro\.openjfx\cache\18.0.1+2\javafx_font.dll
0x00007ffb0eb50000 - 0x00007ffb0edb7000 	C:\WINDOWS\SYSTEM32\dwrite.dll
0x00007ffb13690000 - 0x00007ffb13740000 	C:\WINDOWS\System32\clbcatq.dll
0x00007ffb09fc0000 - 0x00007ffb0a170000 	C:\WINDOWS\SYSTEM32\WindowsCodecs.dll
0x00007ffae2cb0000 - 0x00007ffae2d0e000 	C:\WINDOWS\system32\dataexchange.dll
0x00007ffb07940000 - 0x00007ffb07bae000 	C:\WINDOWS\system32\twinapi.appcore.dll
0x00007ffb00500000 - 0x00007ffb00532000 	C:\Program Files\Common Files\Microsoft Shared\Ink\rtscom.dll
0x00007ffb051f0000 - 0x00007ffb0531d000 	C:\WINDOWS\SYSTEM32\textinputframework.dll
0x00007ffb0a7b0000 - 0x00007ffb0a8e3000 	C:\WINDOWS\SYSTEM32\CoreMessaging.dll
0x00007ffb08d40000 - 0x00007ffb090ac000 	C:\WINDOWS\SYSTEM32\CoreUIComponents.dll
0x00007ffb10f30000 - 0x00007ffb10f3c000 	C:\WINDOWS\SYSTEM32\CRYPTBASE.DLL
0x00007ffb10390000 - 0x00007ffb10483000 	C:\WINDOWS\SYSTEM32\DNSAPI.dll
0x00007ffb10360000 - 0x00007ffb1038d000 	C:\WINDOWS\SYSTEM32\IPHLPAPI.DLL
0x00007ffb14020000 - 0x00007ffb14029000 	C:\WINDOWS\System32\NSI.dll
0x00007ffb0c1b0000 - 0x00007ffb0c1ba000 	C:\Windows\System32\rasadhlp.dll

dbghelp: loaded successfully - version: 4.0.5 - missing functions: none
symbol engine: initialized successfully - sym options: 0x614 - pdb path: .;C:\Users\tvoro\.jdks\openjdk-18.0.2.1\bin;C:\WINDOWS\SYSTEM32;C:\WINDOWS\WinSxS\amd64_microsoft.windows.common-controls_6595b64144ccf1df_6.0.22621.1635_none_270f70857386168e;C:\Users\tvoro\.jdks\openjdk-18.0.2.1\bin\server;C:\Program Files\JetBrains\IntelliJ IDEA Community Edition 2022.2.2\bin;C:\Users\tvoro\.openjfx\cache\18.0.1+2;C:\WINDOWS\System32\DriverStore\FileRepository\u0382083.inf_amd64_56a483f2f33cb58f\B382066;C:\ProgramData\A-Volute\A-Volute.Nahimic\Modules\Scheduled\x64;C:\Program Files\Huawei\PCManager\plugins;C:\Program Files\Common Files\Microsoft Shared\Ink

VM Arguments:
jvm_args: -javaagent:C:\Program Files\JetBrains\IntelliJ IDEA Community Edition 2022.2.2\lib\idea_rt.jar=65448:C:\Program Files\JetBrains\IntelliJ IDEA Community Edition 2022.2.2\bin -Dfile.encoding=UTF-8 -Dsun.stdout.encoding=UTF-8 -Dsun.stderr.encoding=UTF-8 --module-path=C:\Users\tvoro\.m2\repository\org\openjfx\javafx-fxml\18.0.1\javafx-fxml-18.0.1-win.jar;C:\Users\tvoro\.m2\repository\org\openjfx\javafx-controls\18.0.1\javafx-controls-18.0.1-win.jar;C:\Users\tvoro\.m2\repository\org\openjfx\javafx-base\18.0.1\javafx-base-18.0.1-win.jar;C:\Users\tvoro\.m2\repository\org\openjfx\javafx-graphics\18.0.1\javafx-graphics-18.0.1-win.jar;C:\Users\tvoro\IdeaProjects\restaurantpol\target\classes -Djdk.module.main=com.example.restaurantpol 
java_command: com.example.restaurantpol/com.example.restaurantpol.Main
java_class_path (initial): C:\Users\tvoro\.m2\repository\org\openjfx\javafx-controls\18.0.1\javafx-controls-18.0.1.jar;C:\Users\tvoro\.m2\repository\org\openjfx\javafx-graphics\18.0.1\javafx-graphics-18.0.1.jar;C:\Users\tvoro\.m2\repository\org\openjfx\javafx-base\18.0.1\javafx-base-18.0.1.jar;C:\Users\tvoro\.m2\repository\org\openjfx\javafx-fxml\18.0.1\javafx-fxml-18.0.1.jar;C:\Users\tvoro\IdeaProjects\restaurantpol\lib\mysql-connector-java-8.0.25.jar;C:\Users\tvoro\IdeaProjects\restaurantpol\lib\protobuf-java-3.11.4.jar
Launcher Type: SUN_STANDARD

[Global flags]
     intx CICompilerCount                          = 4                                         {product} {ergonomic}
     uint ConcGCThreads                            = 3                                         {product} {ergonomic}
     uint G1ConcRefinementThreads                  = 10                                        {product} {ergonomic}
   size_t G1HeapRegionSize                         = 2097152                                   {product} {ergonomic}
    uintx GCDrainStackTargetSize                   = 64                                        {product} {ergonomic}
   size_t InitialHeapSize                          = 257949696                                 {product} {ergonomic}
   size_t MarkStackSize                            = 4194304                                   {product} {ergonomic}
   size_t MaxHeapSize                              = 4118806528                                {product} {ergonomic}
   size_t MaxNewSize                               = 2470445056                                {product} {ergonomic}
   size_t MinHeapDeltaBytes                        = 2097152                                   {product} {ergonomic}
   size_t MinHeapSize                              = 8388608                                   {product} {ergonomic}
    uintx NonNMethodCodeHeapSize                   = 5839372                                {pd product} {ergonomic}
    uintx NonProfiledCodeHeapSize                  = 122909434                              {pd product} {ergonomic}
    uintx ProfiledCodeHeapSize                     = 122909434                              {pd product} {ergonomic}
    uintx ReservedCodeCacheSize                    = 251658240                              {pd product} {ergonomic}
     bool SegmentedCodeCache                       = true                                      {product} {ergonomic}
   size_t SoftMaxHeapSize                          = 4118806528                             {manageable} {ergonomic}
     bool UseCompressedClassPointers               = true                           {product lp64_product} {ergonomic}
     bool UseCompressedOops                        = true                           {product lp64_product} {ergonomic}
     bool UseG1GC                                  = true                                      {product} {ergonomic}
     bool UseLargePagesIndividualAllocation        = false                                  {pd product} {ergonomic}

Logging:
Log output configuration:
 #0: stdout all=off uptime,level,tags foldmultilines=false
 #1: stderr all=off uptime,level,tags foldmultilines=false

Environment Variables:
PATH=C:\Program Files (x86)\Common Files\Oracle\Java\javapath;C:\WINDOWS\system32;C:\WINDOWS;C:\WINDOWS\System32\Wbem;C:\WINDOWS\System32\WindowsPowerShell\v1.0\;C:\WINDOWS\System32\OpenSSH\;C:\Program Files\Git\cmd;C:\Users\tvoro\AppData\Local\Microsoft\WindowsApps;C:\Users\tvoro\AppData\Local\Programs\Microsoft VS Code\bin;
USERNAME=tvoro
OS=Windows_NT
PROCESSOR_IDENTIFIER=AMD64 Family 23 Model 104 Stepping 1, AuthenticAMD



---------------  S Y S T E M  ---------------

OS:
 Windows 11 , 64 bit Build 22621 (10.0.22621.1778)
OS uptime: 1 days 0:56 hours

CPU: total 12 (initial active 12) (12 cores per cpu, 2 threads per core) family 23 model 104 stepping 1 microcode 0x0, cx8, cmov, fxsr, ht, mmx, 3dnowpref, sse, sse2, sse3, ssse3, sse4a, sse4.1, sse4.2, popcnt, lzcnt, tsc, tscinvbit, avx, avx2, aes, clmul, bmi1, bmi2, adx, sha, fma, vzeroupper, clflush, clflushopt

Memory: 4k page, system-wide physical 15706M (7264M free)
TotalPageFile size 18138M (AvailPageFile size 6114M)
current process WorkingSet (physical memory assigned to process): 141M, peak: 147M
current process commit charge ("private bytes"): 411M, peak: 423M

vm_info: OpenJDK 64-Bit Server VM (18.0.2.1+1-1) for windows-amd64 JRE (18.0.2.1+1-1), built on Aug 16 2022 01:44:29 by "mach5one" with MS VC++ 16.8 / 16.9 (VS2019)

END.
